Arguments: 
  C:\Program Files\nodejs\node.exe C:\Users\Administrator\AppData\Roaming\npm\node_modules\yarn\bin\yarn.js add mobx-state-tree

PATH: 
  C:\Program Files\Git\mingw64\bin;C:\Program Files\Git\usr\bin;C:\Users\Administrator\bin;C:\Program Files\Python37;C:\WINDOWS\system32;C:\WINDOWS;C:\WINDOWS\System32\Wbem;C:\WINDOWS\System32\WindowsPowerShell\v1.0;C:\Program Files\Microsoft VS Code\bin;C:\Program Files\Git\cmd;C:\Program Files\TortoiseSVN\bin;C:\Program Files\nodejs;C:\WINDOWS\System32\OpenSSH;C:\MongoDB\Server\4.0\bin;C:\Users\Administrator\Desktop;C:\ProgramData\ComposerSetup\bin;C:\Program Files\php\php-7.3.0-nts-Win32-VC15-x64;C:\HashiCorp\Vagrant\bin;C:\Program Files\cmder;C:\Users\Administrator\Desktop\软件\ffmpeg-20181128-e695b0b-win64-static\bin;C:\Program Files\Python37\Scripts;C:\Program Files\PuTTY;C:\Ruby25\bin;C:\Users\Administrator\AppData\Roaming\npm;C:\Users\Administrator\AppData\Local\Programs\Microsoft VS Code\bin;C:\Users\Administrator\AppData\Local\Programs\Fiddler;C:\Program Files\Bandizip;C:\Users\Administrator\AppData\Local\Microsoft\WindowsApps;C:\Program Files\Python37;C:\Users\Administrator\AppData\Roaming\Composer\vendor\bin

Yarn version: 
  1.15.2

Node version: 
  8.11.3

Platform: 
  win32 x64

Trace: 
  Error: ENOENT: no such file or directory, copyfile 'C:\Users\Administrator\AppData\Local\Yarn\Cache\v4\npm-ms-2.1.1-30a5864eb3ebb0a66f2ebe6d727af06a09d86e0a\node_modules\ms\package.json' -> 'C:\Users\Administrator\Desktop\blog\node_modules\@babel\core\node_modules\ms\package.json'

npm manifest: 
  {
    "scripts": {
      "dev": "nodemon",
      "build": "next build && tsc && tsc --project tsconfig.server.json",
      "start": "cross-env NODE_ENV=production node .next/server"
    },
    "dependencies": {
      "@types/antd": "^1.0.0",
      "@types/bcrypt": "^3.0.0",
      "@types/bluebird": "3.5.26",
      "@types/compression": "0.0.36",
      "@types/connect-mongo": "0.0.41",
      "@types/dotenv": "6.1.1",
      "@types/express": "4.16.1",
      "@types/express-session": "1.15.12",
      "@types/lodash": "4.14.123",
      "@types/lru-cache": "^5.1.0",
      "@types/lusca": "^1.5.0",
      "@types/mongoose": "5.3.26",
      "@types/next": "^8.0.4",
      "@types/passport": "^1.0.0",
      "@types/passport-local": "^1.0.33",
      "@types/react": "^16.8.14",
      "@types/winston": "2.4.4",
      "@zeit/next-css": "^1.0.1",
      "@zeit/next-less": "1.0.1",
      "antd": "^3.16.5",
      "axios": "0.18.0",
      "babel-plugin-import": "^1.11.0",
      "bcrypt": "^3.0.6",
      "bluebird": "3.5.4",
      "compression": "1.7.4",
      "connect-mongo": "2.0.3",
      "cross-env": "^5.2.0",
      "dotenv": "7.0.0",
      "express": "^4.16.4",
      "express-session": "1.16.1",
      "isomorphic-unfetch": "^3.0.0",
      "less": "3.9.0",
      "lodash": "^4.17.11",
      "lru-cache": "^5.1.1",
      "lusca": "^1.6.1",
      "mobx": "^5.9.4",
      "mongoose": "5.5.2",
      "next": "latest",
      "passport": "^0.4.0",
      "passport-local": "^1.0.0",
      "react": "^16.8.4",
      "react-dom": "^16.8.4",
      "react-grid-system": "4.4.5",
      "react-mobx": "^0.0.4",
      "remark": "10.0.1",
      "remark-react": "5.0.1",
      "tslint": "5.16.0",
      "tslint-config-prettier": "^1.18.0",
      "tslint-react": "^4.0.0",
      "winston": "3.2.1",
      "yarn": "^1.15.2"
    },
    "devDependencies": {
      "@types/next": "^8.0.1",
      "@types/react": "^16.8.8",
      "@zeit/next-typescript": "^1.1.1",
      "cross-env": "^5.2.0",
      "nodemon": "^1.18.10",
      "ts-node": "^8.0.3",
      "typescript": "^3.3.3333"
    }
  }

yarn manifest: 
  No manifest

Lockfile: 
  No lockfile
